<?xml version="1.0" encoding="UTF-8"?>
<testng-results ignored="0" total="2" passed="2" failed="0" skipped="0">
  <reporter-output>
  </reporter-output>
  <suite started-at="2023-12-27T16:05:27 PST" name="All Test Suite" finished-at="2023-12-27T16:07:09 PST" duration-ms="102282">
    <groups>
      <group name="Smoke">
        <method signature="ecommerceapp_testcase4.FillForm(java.util.HashMap)[pri:0, instance:TestCases.ecommerceapp_testcase4@62e6a3ec]" name="FillForm" class="TestCases.ecommerceapp_testcase4"/>
      </group> <!-- Smoke -->
    </groups>
    <test started-at="2023-12-27T16:05:27 PST" name="C:/Users/Prince Pineda/IdeaProjects/AppiumTrainingHybridFramework" finished-at="2023-12-27T16:07:09 PST" duration-ms="102282">
      <class name="TestCases.ecommerceapp_testcase4">
        <test-method is-config="true" signature="ConfigureAppium()[pri:0, instance:TestCases.ecommerceapp_testcase4@62e6a3ec]" started-at="2023-12-27T16:05:27 PST" name="ConfigureAppium" finished-at="2023-12-27T16:05:32 PST" duration-ms="4772" status="PASS">
          <reporter-output>
          </reporter-output>
        </test-method> <!-- ConfigureAppium -->
        <test-method signature="FillForm(java.util.HashMap)[pri:0, instance:TestCases.ecommerceapp_testcase4@62e6a3ec]" started-at="2023-12-27T16:05:32 PST" name="FillForm" data-provider="getData" finished-at="2023-12-27T16:06:39 PST" duration-ms="67244" status="PASS">
          <params>
            <param index="0">
              <value>
                <![CDATA[{name=Aimee, country=Philippines}]]>
              </value>
            </param>
          </params>
          <reporter-output>
          </reporter-output>
        </test-method> <!-- FillForm -->
        <test-method is-config="true" signature="ConfigureAppium()[pri:0, instance:TestCases.ecommerceapp_testcase4@62e6a3ec]" started-at="2023-12-27T16:06:39 PST" name="ConfigureAppium" finished-at="2023-12-27T16:06:44 PST" duration-ms="4915" status="PASS">
          <reporter-output>
          </reporter-output>
        </test-method> <!-- ConfigureAppium -->
        <test-method signature="FillForm(java.util.HashMap)[pri:0, instance:TestCases.ecommerceapp_testcase4@62e6a3ec]" started-at="2023-12-27T16:06:44 PST" name="FillForm" data-provider="getData" finished-at="2023-12-27T16:07:09 PST" duration-ms="25021" status="PASS">
          <params>
            <param index="0">
              <value>
                <![CDATA[{name=Aldriana, country=Argentina}]]>
              </value>
            </param>
          </params>
          <reporter-output>
          </reporter-output>
        </test-method> <!-- FillForm -->
      </class> <!-- TestCases.ecommerceapp_testcase4 -->
    </test> <!-- C:/Users/Prince Pineda/IdeaProjects/AppiumTrainingHybridFramework -->
  </suite> <!-- All Test Suite -->
</testng-results>
