<?xml version="1.0" encoding="UTF-8"?>
<testsuite xmlns:xsi="http://www.w3.org/2001/XMLSchema-instance" xsi:noNamespaceSchemaLocation="https://maven.apache.org/surefire/maven-surefire-plugin/xsd/surefire-test-report-3.0.xsd" version="3.0" name="TestSuite" time="112.461" tests="2" errors="0" skipped="0" failures="0">
  <properties>
[...]
</properties>
  <testcase name="FillForm[{name=Aimee, country=Philippines}](1)" classname="TestCases.ecommerceapp_testcase4" time="67.784">
    <system-out><![CDATA[&amp#27;[35m[Appium]&amp#27;[39m &amp#27;[31m'npm' executable is not found neither in the process working folder (/Users/princeanriepineda/GitAppium/AppiumTrainingHybridFramework) nor in any folders specified in the PATH environment variable (/Users/princeanriepineda/Downloads/apache-maven-3.9.6/bin:/Library/Java/JavaVirtualMachines/jdk-21.jdk/Contents/Home/bin:/Library/Java/JavaVirtualMachines/jdk-21.jdk/Contents/Home/bin:/usr/bin:/bin:/usr/sbin:/sbin)&amp#27;[39m
Appium Started!
Nike Blazer Mid '77
Jordan 6 Rings
]]></system-out>
    <system-err><![CDATA[[main] INFO org.testng.internal.Utils - [Utils] MethodGroupsHelper.collectMethodsByGroup() took 0 ms.
[main] INFO org.testng.internal.Utils - [Utils] MethodGroupsHelper.sortMethods() took 0 ms.
[main] INFO org.testng.internal.Utils - [Utils] MethodGroupsHelper.collectMethodsByGroup() took 0 ms.
[main] INFO org.testng.internal.Utils - [Utils] MethodGroupsHelper.sortMethods() took 0 ms.
[main] INFO org.testng.internal.Utils - [Utils] MethodGroupsHelper.collectMethodsByGroup() took 0 ms.
[main] INFO org.testng.internal.Utils - [Utils] MethodGroupsHelper.sortMethods() took 0 ms.
[main] INFO org.testng.internal.Utils - [Utils] MethodGroupsHelper.collectMethodsByGroup() took 0 ms.
[main] INFO org.testng.internal.Utils - [Utils] MethodGroupsHelper.sortMethods() took 0 ms.
[main] INFO org.testng.internal.Utils - [Utils] MethodGroupsHelper.collectMethodsByGroup() took 0 ms.
[main] INFO org.testng.internal.Utils - [Utils] MethodGroupsHelper.sortMethods() took 0 ms.
[main] INFO org.testng.internal.Utils - [Utils] MethodGroupsHelper.collectMethodsByGroup() took 0 ms.
[main] INFO org.testng.internal.Utils - [Utils] MethodGroupsHelper.sortMethods() took 0 ms.
[main] INFO org.testng.internal.Utils - [Utils] MethodGroupsHelper.collectMethodsByGroup() took 0 ms.
[main] INFO org.testng.internal.Utils - [Utils] MethodGroupsHelper.sortMethods() took 0 ms.
[main] INFO org.testng.internal.Utils - [Utils] MethodGroupsHelper.collectMethodsByGroup() took 0 ms.
[main] INFO org.testng.internal.Utils - [Utils] MethodGroupsHelper.sortMethods() took 0 ms.
[main] INFO org.testng.internal.Utils - [Utils] MethodGroupsHelper.collectMethodsByGroup() took 0 ms.
[main] INFO org.testng.internal.Utils - [Utils] MethodGroupsHelper.sortMethods() took 5 ms.
[main] INFO org.testng.internal.Utils - [Utils] MethodGroupsHelper.collectMethodsByGroup() took 2 ms.
[main] INFO org.testng.internal.Utils - [Utils] MethodGroupsHelper.sortMethods() took 0 ms.
[main] INFO org.testng.internal.Utils - [Utils] MethodGroupsHelper.collectMethodsByGroup() took 0 ms.
[main] INFO org.testng.internal.Utils - [Utils] MethodGroupsHelper.sortMethods() took 0 ms.
[main] INFO org.testng.internal.Utils - [Utils] MethodGroupsHelper.collectMethodsByGroup() took 0 ms.
[main] INFO org.testng.internal.Utils - [Utils] MethodGroupsHelper.sortMethods() took 0 ms.
[main] INFO org.testng.internal.Utils - [Utils] MethodGroupsHelper.collectMethodsByGroup() took 0 ms.
[main] INFO org.testng.internal.Utils - [Utils] MethodGroupsHelper.sortMethods() took 0 ms.
[main] INFO org.testng.internal.Utils - [Utils] MethodGroupsHelper.collectMethodsByGroup() took 0 ms.
[main] INFO org.testng.internal.Utils - [Utils] MethodGroupsHelper.sortMethods() took 0 ms.
[main] INFO org.testng.internal.Utils - [Utils] MethodGroupsHelper.collectMethodsByGroup() took 0 ms.
[main] INFO org.testng.internal.Utils - [Utils] MethodGroupsHelper.sortMethods() took 0 ms.
[main] INFO org.testng.internal.Utils - [Utils] DynamicGraphHelper.createDynamicGraph() took 2 ms.
[main] INFO io.github.bonigarcia.wdm.WebDriverManager - Using chromedriver 119.0.6045.105 (resolved driver for Chrome 119)
[main] INFO io.github.bonigarcia.wdm.WebDriverManager - Exporting webdriver.chrome.driver as /Users/princeanriepineda/.cache/selenium/chromedriver/mac-arm64/119.0.6045.105/chromedriver
]]></system-err>
  </testcase>
  <testcase name="FillForm[{name=Aldriana, country=Argentina}](2)" classname="TestCases.ecommerceapp_testcase4" time="27.498">
    <system-out><![CDATA[&amp#27;[35m[Appium]&amp#27;[39m &amp#27;[31m'npm' executable is not found neither in the process working folder (/Users/princeanriepineda/GitAppium/AppiumTrainingHybridFramework) nor in any folders specified in the PATH environment variable (/Users/princeanriepineda/Downloads/apache-maven-3.9.6/bin:/Library/Java/JavaVirtualMachines/jdk-21.jdk/Contents/Home/bin:/Library/Java/JavaVirtualMachines/jdk-21.jdk/Contents/Home/bin:/usr/bin:/bin:/usr/sbin:/sbin)&amp#27;[39m
Appium Started!
Nike Blazer Mid '77
Jordan 6 Rings
]]></system-out>
    <system-err><![CDATA[[main] INFO io.github.bonigarcia.wdm.WebDriverManager - Using chromedriver 119.0.6045.105 (resolved driver for Chrome 119)
[main] INFO io.github.bonigarcia.wdm.WebDriverManager - Exporting webdriver.chrome.driver as /Users/princeanriepineda/.cache/selenium/chromedriver/mac-arm64/119.0.6045.105/chromedriver
]]></system-err>
  </testcase>
</testsuite>